[0620/005611.607:ERROR:process_reader_win.cc(242)] ReadMemory at 0x7ff6c3360000 of 64 bytes failed: Only part of a ReadProcessMemory or WriteProcessMemory request was completed. (0x12B)
[0620/005611.622:WARNING:pe_image_reader.cc(302)] could not read dos header from C:\Program Files (x86)\Google\Chrome\Application\chrome.exe
[0620/005611.622:ERROR:process_reader_win.cc(242)] ReadMemory at 0x7ffcf35b0000 of 64 bytes failed: Only part of a ReadProcessMemory or WriteProcessMemory request was completed. (0x12B)
[0620/005611.622:WARNING:pe_image_reader.cc(302)] could not read dos header from C:\Windows\SYSTEM32\ntdll.dll
[0620/005611.622:ERROR:process_reader_win.cc(242)] ReadMemory at 0x7ffcf0cf0000 of 64 bytes failed: Only part of a ReadProcessMemory or WriteProcessMemory request was completed. (0x12B)
[0620/005611.622:WARNING:pe_image_reader.cc(302)] could not read dos header from C:\Windows\system32\KERNEL32.DLL
[0620/005611.622:ERROR:process_reader_win.cc(242)] ReadMemory at 0x7ffcf0890000 of 64 bytes failed: Only part of a ReadProcessMemory or WriteProcessMemory request was completed. (0x12B)
[0620/005611.622:WARNING:pe_image_reader.cc(302)] could not read dos header from C:\Windows\system32\KERNELBASE.dll
[0620/005611.622:ERROR:process_reader_win.cc(242)] ReadMemory at 0x7ffce7c10000 of 64 bytes failed: Only part of a ReadProcessMemory or WriteProcessMemory request was completed. (0x12B)
[0620/005611.622:WARNING:pe_image_reader.cc(302)] could not read dos header from C:\Program Files (x86)\Google\Chrome\Application\67.0.3396.87\chrome_elf.dll
[0620/005611.622:ERROR:process_reader_win.cc(242)] ReadMemory at 0x7ffcf2c30000 of 64 bytes failed: Only part of a ReadProcessMemory or WriteProcessMemory request was completed. (0x12B)
[0620/005611.622:WARNING:pe_image_reader.cc(302)] could not read dos header from C:\Windows\system32\ADVAPI32.dll
[0620/005611.622:ERROR:process_reader_win.cc(242)] ReadMemory at 0x7ffcf2f90000 of 64 bytes failed: Only part of a ReadProcessMemory or WriteProcessMemory request was completed. (0x12B)
[0620/005611.622:WARNING:pe_image_reader.cc(302)] could not read dos header from C:\Windows\system32\PSAPI.DLL
[0620/005611.622:ERROR:process_reader_win.cc(242)] ReadMemory at 0x7ffcf1680000 of 64 bytes failed: Only part of a ReadProcessMemory or WriteProcessMemory request was completed. (0x12B)
[0620/005611.622:WARNING:pe_image_reader.cc(302)] could not read dos header from C:\Windows\system32\SHELL32.dll
[0620/005611.622:ERROR:process_reader_win.cc(242)] ReadMemory at 0x7ffcf2fa0000 of 64 bytes failed: Only part of a ReadProcessMemory or WriteProcessMemory request was completed. (0x12B)
[0620/005611.622:WARNING:pe_image_reader.cc(302)] could not read dos header from C:\Windows\system32\SHLWAPI.dll
[0620/005611.622:ERROR:process_reader_win.cc(242)] ReadMemory at 0x7ffcf3360000 of 64 bytes failed: Only part of a ReadProcessMemory or WriteProcessMemory request was completed. (0x12B)
[0620/005611.622:WARNING:pe_image_reader.cc(302)] could not read dos header from C:\Windows\system32\USER32.dll
[0620/005611.622:ERROR:process_reader_win.cc(242)] ReadMemory at 0x7ffce8330000 of 64 bytes failed: Only part of a ReadProcessMemory or WriteProcessMemory request was completed. (0x12B)
[0620/005611.622:WARNING:pe_image_reader.cc(302)] could not read dos header from C:\Windows\SYSTEM32\VERSION.dll
[0620/005611.622:ERROR:process_reader_win.cc(242)] ReadMemory at 0x7ffcee1d0000 of 64 bytes failed: Only part of a ReadProcessMemory or WriteProcessMemory request was completed. (0x12B)
[0620/005611.622:WARNING:pe_image_reader.cc(302)] could not read dos header from C:\Windows\SYSTEM32\WINMM.dll
[0620/005611.622:ERROR:process_reader_win.cc(242)] ReadMemory at 0x7ffcefd20000 of 64 bytes failed: Only part of a ReadProcessMemory or WriteProcessMemory request was completed. (0x12B)
[0620/005611.622:WARNING:pe_image_reader.cc(302)] could not read dos header from C:\Windows\SYSTEM32\USERENV.dll
[0620/005611.622:ERROR:process_reader_win.cc(242)] ReadMemory at 0x7ffce85f0000 of 64 bytes failed: Only part of a ReadProcessMemory or WriteProcessMemory request was completed. (0x12B)
[0620/005611.622:WARNING:pe_image_reader.cc(302)] could not read dos header from C:\Windows\SYSTEM32\WINHTTP.dll
[0620/005611.622:ERROR:process_reader_win.cc(242)] ReadMemory at 0x7ffcf0c40000 of 64 bytes failed: Only part of a ReadProcessMemory or WriteProcessMemory request was completed. (0x12B)
[0620/005611.622:WARNING:pe_image_reader.cc(302)] could not read dos header from C:\Windows\system32\msvcrt.dll
[0620/005611.622:ERROR:process_reader_win.cc(242)] ReadMemory at 0x7ffcf2ce0000 of 64 bytes failed: Only part of a ReadProcessMemory or WriteProcessMemory request was completed. (0x12B)
[0620/005611.622:WARNING:pe_image_reader.cc(302)] could not read dos header from C:\Windows\SYSTEM32\sechost.dll
[0620/005611.622:ERROR:process_reader_win.cc(242)] ReadMemory at 0x7ffcf2e50000 of 64 bytes failed: Only part of a ReadProcessMemory or WriteProcessMemory request was completed. (0x12B)
[0620/005611.622:WARNING:pe_image_reader.cc(302)] could not read dos header from C:\Windows\system32\RPCRT4.dll
[0620/005611.622:ERROR:process_reader_win.cc(242)] ReadMemory at 0x7ffcf0f80000 of 64 bytes failed: Only part of a ReadProcessMemory or WriteProcessMemory request was completed. (0x12B)
[0620/005611.622:WARNING:pe_image_reader.cc(302)] could not read dos header from C:\Windows\SYSTEM32\combase.dll
[0620/005611.622:ERROR:process_reader_win.cc(242)] ReadMemory at 0x9721140000 of 64 bytes failed: Only part of a ReadProcessMemory or WriteProcessMemory request was completed. (0x12B)
[0620/005611.622:WARNING:pe_image_reader.cc(302)] could not read dos header from C:\Windows\system32\GDI32.dll
[0620/005611.622:ERROR:process_reader_win.cc(242)] ReadMemory at 0x7ffced3d0000 of 64 bytes failed: Only part of a ReadProcessMemory or WriteProcessMemory request was completed. (0x12B)
[0620/005611.622:WARNING:pe_image_reader.cc(302)] could not read dos header from C:\Windows\SYSTEM32\WINMMBASE.dll
[0620/005611.622:ERROR:process_reader_win.cc(242)] ReadMemory at 0x7ffcf06e0000 of 64 bytes failed: Only part of a ReadProcessMemory or WriteProcessMemory request was completed. (0x12B)
[0620/005611.622:WARNING:pe_image_reader.cc(302)] could not read dos header from C:\Windows\SYSTEM32\profapi.dll
[0620/005611.622:ERROR:process_reader_win.cc(242)] ReadMemory at 0x7ffcf07b0000 of 64 bytes failed: Only part of a ReadProcessMemory or WriteProcessMemory request was completed. (0x12B)
[0620/005611.622:WARNING:pe_image_reader.cc(302)] could not read dos header from C:\Windows\system32\SspiCli.dll
[0620/005611.622:ERROR:process_reader_win.cc(242)] ReadMemory at 0x7ffcf09b0000 of 64 bytes failed: Only part of a ReadProcessMemory or WriteProcessMemory request was completed. (0x12B)
[0620/005611.622:WARNING:pe_image_reader.cc(302)] could not read dos header from C:\Windows\SYSTEM32\cfgmgr32.dll
[0620/005611.622:ERROR:process_reader_win.cc(242)] ReadMemory at 0x7ffcef500000 of 64 bytes failed: Only part of a ReadProcessMemory or WriteProcessMemory request was completed. (0x12B)
[0620/005611.622:WARNING:pe_image_reader.cc(302)] could not read dos header from C:\Windows\SYSTEM32\DEVOBJ.dll
[0620/005611.622:ERROR:process_reader_win.cc(242)] ReadMemory at 0x7ffcf0620000 of 64 bytes failed: Only part of a ReadProcessMemory or WriteProcessMemory request was completed. (0x12B)
[0620/005611.622:WARNING:pe_image_reader.cc(302)] could not read dos header from C:\Windows\SYSTEM32\CRYPTBASE.DLL
[0620/005611.622:ERROR:process_reader_win.cc(242)] ReadMemory at 0x7ffcf05b0000 of 64 bytes failed: Only part of a ReadProcessMemory or WriteProcessMemory request was completed. (0x12B)
[0620/005611.622:WARNING:pe_image_reader.cc(302)] could not read dos header from C:\Windows\SYSTEM32\bcryptPrimitives.dll
[0620/005611.622:ERROR:process_reader_win.cc(242)] ReadMemory at 0x7ffcf2d40000 of 64 bytes failed: Only part of a ReadProcessMemory or WriteProcessMemory request was completed. (0x12B)
[0620/005611.622:WARNING:pe_image_reader.cc(302)] could not read dos header from C:\Windows\system32\IMM32.DLL
[0620/005611.622:ERROR:process_reader_win.cc(242)] ReadMemory at 0x7ffcf3000000 of 64 bytes failed: Only part of a ReadProcessMemory or WriteProcessMemory request was completed. (0x12B)
[0620/005611.622:WARNING:pe_image_reader.cc(302)] could not read dos header from C:\Windows\system32\MSCTF.dll
[0620/005611.622:ERROR:process_reader_win.cc(242)] ReadMemory at 0x7ffceef00000 of 64 bytes failed: Only part of a ReadProcessMemory or WriteProcessMemory request was completed. (0x12B)
[0620/005611.622:WARNING:pe_image_reader.cc(302)] could not read dos header from C:\Windows\SYSTEM32\shcore.dll
[0620/005611.622:ERROR:process_reader_win.cc(242)] ReadMemory at 0x7ffcc4380000 of 64 bytes failed: Only part of a ReadProcessMemory or WriteProcessMemory request was completed. (0x12B)
[0620/005611.622:WARNING:pe_image_reader.cc(302)] could not read dos header from C:\Program Files (x86)\Google\Chrome\Application\67.0.3396.87\chrome_child.dll
[0620/005611.622:ERROR:process_reader_win.cc(242)] ReadMemory at 0x7ffcf34f0000 of 64 bytes failed: Only part of a ReadProcessMemory or WriteProcessMemory request was completed. (0x12B)
[0620/005611.622:WARNING:pe_image_reader.cc(302)] could not read dos header from C:\Windows\system32\COMDLG32.dll
[0620/005611.622:ERROR:process_reader_win.cc(242)] ReadMemory at 0x7ffcf2d80000 of 64 bytes failed: Only part of a ReadProcessMemory or WriteProcessMemory request was completed. (0x12B)
[0620/005611.622:WARNING:pe_image_reader.cc(302)] could not read dos header from C:\Windows\system32\OLEAUT32.dll
[0620/005611.622:ERROR:process_reader_win.cc(242)] ReadMemory at 0x7ffcf11a0000 of 64 bytes failed: Only part of a ReadProcessMemory or WriteProcessMemory request was completed. (0x12B)
[0620/005611.622:WARNING:pe_image_reader.cc(302)] could not read dos header from C:\Windows\system32\WS2_32.dll
[0620/005611.622:ERROR:process_reader_win.cc(242)] ReadMemory at 0x7ffcf1420000 of 64 bytes failed: Only part of a ReadProcessMemory or WriteProcessMemory request was completed. (0x12B)
[0620/005611.622:WARNING:pe_image_reader.cc(302)] could not read dos header from C:\Windows\system32\ole32.dll
[0620/005611.622:ERROR:process_reader_win.cc(242)] ReadMemory at 0x7ffce8d00000 of 64 bytes failed: Only part of a ReadProcessMemory or WriteProcessMemory request was completed. (0x12B)
[0620/005611.622:WARNING:pe_image_reader.cc(302)] could not read dos header from C:\Windows\SYSTEM32\Secur32.dll
[0620/005611.622:ERROR:process_reader_win.cc(242)] ReadMemory at 0x7ffcf0a00000 of 64 bytes failed: Only part of a ReadProcessMemory or WriteProcessMemory request was completed. (0x12B)
[0620/005611.622:WARNING:pe_image_reader.cc(302)] could not read dos header from C:\Windows\system32\WINTRUST.dll
[0620/005611.622:ERROR:process_reader_win.cc(242)] ReadMemory at 0x7ffcd1f60000 of 64 bytes failed: Only part of a ReadProcessMemory or WriteProcessMemory request was completed. (0x12B)
[0620/005611.622:WARNING:pe_image_reader.cc(302)] could not read dos header from C:\Windows\SYSTEM32\dbghelp.dll
[0620/005611.622:ERROR:process_reader_win.cc(242)] ReadMemory at 0x7ffceb8a0000 of 64 bytes failed: Only part of a ReadProcessMemory or WriteProcessMemory request was completed. (0x12B)
[0620/005611.622:WARNING:pe_image_reader.cc(302)] could not read dos header from C:\Windows\SYSTEM32\USP10.dll
[0620/005611.622:ERROR:process_reader_win.cc(242)] ReadMemory at 0x7ffced5b0000 of 64 bytes failed: Only part of a ReadProcessMemory or WriteProcessMemory request was completed. (0x12B)
[0620/005611.622:WARNING:pe_image_reader.cc(302)] could not read dos header from C:\Windows\SYSTEM32\WINSPOOL.DRV
[0620/005611.622:ERROR:process_reader_win.cc(242)] ReadMemory at 0x7ffcf0a60000 of 64 bytes failed: Only part of a ReadProcessMemory or WriteProcessMemory request was completed. (0x12B)
[0620/005611.622:WARNING:pe_image_reader.cc(302)] could not read dos header from C:\Windows\system32\CRYPT32.dll
[0620/005611.622:ERROR:process_reader_win.cc(242)] ReadMemory at 0x7ffcebfb0000 of 64 bytes failed: Only part of a ReadProcessMemory or WriteProcessMemory request was completed. (0x12B)
[0620/005611.622:WARNING:pe_image_reader.cc(302)] could not read dos header from C:\Windows\SYSTEM32\IPHLPAPI.DLL
[0620/005611.622:ERROR:process_reader_win.cc(242)] ReadMemory at 0x7ffce9470000 of 64 bytes failed: Only part of a ReadProcessMemory or WriteProcessMemory request was completed. (0x12B)
[0620/005611.622:WARNING:pe_image_reader.cc(302)] could not read dos header from C:\Windows\SYSTEM32\urlmon.dll
[0620/005611.622:ERROR:process_reader_win.cc(242)] ReadMemory at 0x7ffced900000 of 64 bytes failed: Only part of a ReadProcessMemory or WriteProcessMemory request was completed. (0x12B)
[0620/005611.622:WARNING:pe_image_reader.cc(302)] could not read dos header from C:\Windows\SYSTEM32\DWrite.dll
[0620/005611.622:ERROR:process_reader_win.cc(242)] ReadMemory at 0x7ffced070000 of 64 bytes failed: Only part of a ReadProcessMemory or WriteProcessMemory request was completed. (0x12B)
[0620/005611.622:WARNING:pe_image_reader.cc(302)] could not read dos header from C:\Windows\SYSTEM32\dxgi.dll
[0620/005611.622:ERROR:process_reader_win.cc(242)] ReadMemory at 0x7ffceb030000 of 64 bytes failed: Only part of a ReadProcessMemory or WriteProcessMemory request was completed. (0x12B)
[0620/005611.622:WARNING:pe_image_reader.cc(302)] could not read dos header from C:\Windows\SYSTEM32\dhcpcsvc.DLL
[0620/005611.622:ERROR:process_reader_win.cc(242)] ReadMemory at 0x7ffcee7c0000 of 64 bytes failed: Only part of a ReadProcessMemory or WriteProcessMemory request was completed. (0x12B)
[0620/005611.622:WARNING:pe_image_reader.cc(302)] could not read dos header from C:\Windows\WinSxS\amd64_microsoft.windows.common-controls_6595b64144ccf1df_6.0.9600.18006_none_623f33d3ecbe86e8\COMCTL32.dll
[0620/005611.622:ERROR:process_reader_win.cc(242)] ReadMemory at 0x7ffcf1200000 of 64 bytes failed: Only part of a ReadProcessMemory or WriteProcessMemory request was completed. (0x12B)
[0620/005611.622:WARNING:pe_image_reader.cc(302)] could not read dos header from C:\Windows\system32\NSI.dll
[0620/005611.622:ERROR:process_reader_win.cc(242)] ReadMemory at 0x7ffcf0790000 of 64 bytes failed: Only part of a ReadProcessMemory or WriteProcessMemory request was completed. (0x12B)
[0620/005611.622:WARNING:pe_image_reader.cc(302)] could not read dos header from C:\Windows\system32\MSASN1.dll
[0620/005611.622:ERROR:process_reader_win.cc(242)] ReadMemory at 0x7ffcebf90000 of 64 bytes failed: Only part of a ReadProcessMemory or WriteProcessMemory request was completed. (0x12B)
[0620/005611.622:WARNING:pe_image_reader.cc(302)] could not read dos header from C:\Windows\SYSTEM32\WINNSI.DLL
[0620/005611.622:ERROR:process_reader_win.cc(242)] ReadMemory at 0x7ffce91a0000 of 64 bytes failed: Only part of a ReadProcessMemory or WriteProcessMemory request was completed. (0x12B)
[0620/005611.622:WARNING:pe_image_reader.cc(302)] could not read dos header from C:\Windows\SYSTEM32\iertutil.dll
[0620/005611.622:ERROR:process_reader_win.cc(242)] ReadMemory at 0x7ffce8e70000 of 64 bytes failed: Only part of a ReadProcessMemory or WriteProcessMemory request was completed. (0x12B)
[0620/005611.622:WARNING:pe_image_reader.cc(302)] could not read dos header from C:\Windows\SYSTEM32\WININET.dll
[0620/005611.638:ERROR:process_reader_win.cc(242)] ReadMemory at 0x9720e13000 of 53248 bytes failed: Only part of a ReadProcessMemory or WriteProcessMemory request was completed. (0x12B)
[0620/005611.638:ERROR:crash_report_exception_handler.cc(111)] WriteEverything failed
[0620/005611.638:ERROR:filesystem_win.cc(148)] DeleteFile C:\Users\user\AppData\Local\Temp\scoped_dir9680_23902\Crashpad\reports\f619a2c3-56f8-417e-9558-5f9ae8cb3dd9.dmp: The process cannot access the file because it is being used by another process. (0x20)
[0620/005611.638:ERROR:scoped_process_suspend.cc(40)] NtResumeProcess: An attempt was made to access an exiting process. (0xc000010a)
