06/27/2018 04:55:36 PM - LoginTests - INFO: <selenium.webdriver.firefox.webdriver.WebDriver (session="372ac296-25ce-4661-b403-d0db1ea419d5")>
06/27/2018 04:55:36 PM - LoginTests - INFO: <selenium.webdriver.firefox.webdriver.WebDriver (session="372ac296-25ce-4661-b403-d0db1ea419d5")>
06/27/2018 04:56:33 PM - LoginTests - INFO: <selenium.webdriver.firefox.webdriver.WebDriver (session="8ef830b8-3993-4cf1-a378-ffead3142089")>
06/27/2018 04:56:33 PM - LoginTests - INFO: *#*#*#*#*#*#*#*#*#*#*#*#*#*#*#*#*#*#*#*#
06/27/2018 04:56:33 PM - LoginTests - INFO: test_t1invalidLogin started
06/27/2018 04:56:33 PM - LoginTests - INFO: *#*#*#*#*#*#*#*#*#*#*#*#*#*#*#*#*#*#*#*#
06/27/2018 04:56:33 PM - NavigationPage - INFO: Waiting for maximum :: 10 :: seconds for element to be clickable
06/27/2018 04:56:45 PM - NavigationPage - INFO: Element not appeared on the web page
06/27/2018 04:56:48 PM - NavigationPage - INFO: Element not found with locator: //div[@id='navbar']//li[@class='dropdown'] and  locatorType: xpath
06/27/2018 04:56:48 PM - NavigationPage - INFO: Cannot click on the element with locator: //div[@id='navbar']//li[@class='dropdown'] locatorType: xpath
06/27/2018 04:56:48 PM - LoginPage - INFO: Waiting for maximum :: 10 :: seconds for element to be clickable
06/27/2018 04:56:54 PM - LoginPage - INFO: Element not appeared on the web page
06/27/2018 04:56:54 PM - LoginPage - INFO: Element not found with locator: //div[@id='navbar']//a[@href='/sign_out'] and  locatorType: xpath
06/27/2018 04:56:54 PM - LoginPage - INFO: Cannot click on the element with locator: //div[@id='navbar']//a[@href='/sign_out'] locatorType: xpath
06/27/2018 04:56:54 PM - LoginPage - INFO: Element not found with locator: Login and  locatorType: link
06/27/2018 04:56:54 PM - LoginPage - INFO: Cannot click on the element with locator: Login locatorType: link
06/27/2018 04:56:54 PM - LoginPage - INFO: Element not found with locator: user_email and  locatorType: id
06/27/2018 04:56:54 PM - LoginTests - INFO: <selenium.webdriver.firefox.webdriver.WebDriver (session="8ef830b8-3993-4cf1-a378-ffead3142089")>
06/27/2018 04:56:54 PM - LoginTests - INFO: *#*#*#*#*#*#*#*#*#*#*#*#*#*#*#*#*#*#*#*#
06/27/2018 04:56:54 PM - LoginTests - INFO: test_t1invalidLogin started
06/27/2018 04:56:54 PM - LoginTests - INFO: *#*#*#*#*#*#*#*#*#*#*#*#*#*#*#*#*#*#*#*#
06/27/2018 04:56:54 PM - LoginPage - INFO: Element not found with locator: Login and  locatorType: link
06/27/2018 04:56:54 PM - LoginPage - INFO: Cannot click on the element with locator: Login locatorType: link
06/27/2018 04:56:54 PM - LoginPage - INFO: Element not found with locator: user_email and  locatorType: id
06/27/2018 04:57:15 PM - LoginTests - INFO: <selenium.webdriver.firefox.webdriver.WebDriver (session="6fe7234a-26c4-4583-8969-efb99e3a6927")>
06/27/2018 04:57:15 PM - LoginTests - INFO: *#*#*#*#*#*#*#*#*#*#*#*#*#*#*#*#*#*#*#*#
06/27/2018 04:57:15 PM - LoginTests - INFO: test_t1invalidLogin started
06/27/2018 04:57:15 PM - LoginTests - INFO: *#*#*#*#*#*#*#*#*#*#*#*#*#*#*#*#*#*#*#*#
06/27/2018 04:57:15 PM - LoginPage - INFO: Element found with locator: Login and  locatorType: link
06/27/2018 04:57:15 PM - LoginPage - INFO: Clicked on element with locator: Login locatorType: link
06/27/2018 04:57:16 PM - LoginPage - INFO: Element found with locator: user_email and  locatorType: id
06/27/2018 04:57:16 PM - LoginPage - INFO: Element found with locator: user_password and  locatorType: id
06/27/2018 04:57:17 PM - LoginPage - INFO: Element found with locator: user_email and  locatorType: id
06/27/2018 04:57:17 PM - LoginPage - INFO: Sent data on element with locator: user_email locatorType: id
06/27/2018 04:57:17 PM - LoginPage - INFO: Element found with locator: user_password and  locatorType: id
06/27/2018 04:57:17 PM - LoginPage - INFO: Sent data on element with locator: user_password locatorType: id
06/27/2018 04:57:17 PM - LoginPage - INFO: Element found with locator: commit and  locatorType: name
06/27/2018 04:57:19 PM - LoginPage - INFO: Clicked on element with locator: commit locatorType: name
06/27/2018 04:57:19 PM - LoginPage - INFO: Element found with locator: //div[contains(text(),'Invalid email or password')] and  locatorType: xpath
06/27/2018 04:57:19 PM - LoginPage - INFO: Element present with locator: //div[contains(text(),'Invalid email or password')] locatorType: xpath
06/27/2018 04:57:19 PM - LoginTests - INFO: <selenium.webdriver.firefox.webdriver.WebDriver (session="6fe7234a-26c4-4583-8969-efb99e3a6927")>
06/27/2018 04:57:19 PM - LoginTests - INFO: *#*#*#*#*#*#*#*#*#*#*#*#*#*#*#*#*#*#*#*#
06/27/2018 04:57:19 PM - LoginTests - INFO: test_t1invalidLogin started
06/27/2018 04:57:19 PM - LoginTests - INFO: *#*#*#*#*#*#*#*#*#*#*#*#*#*#*#*#*#*#*#*#
06/27/2018 04:57:19 PM - LoginPage - INFO: Element found with locator: Login and  locatorType: link
06/27/2018 04:57:24 PM - LoginPage - INFO: Clicked on element with locator: Login locatorType: link
06/27/2018 04:57:24 PM - LoginPage - INFO: Element found with locator: user_email and  locatorType: id
06/27/2018 04:57:24 PM - LoginPage - INFO: Element found with locator: user_password and  locatorType: id
06/27/2018 04:57:25 PM - LoginPage - INFO: Element found with locator: user_email and  locatorType: id
06/27/2018 04:57:25 PM - LoginPage - INFO: Sent data on element with locator: user_email locatorType: id
06/27/2018 04:57:25 PM - LoginPage - INFO: Element found with locator: user_password and  locatorType: id
06/27/2018 04:57:25 PM - LoginPage - INFO: Sent data on element with locator: user_password locatorType: id
06/27/2018 04:57:25 PM - LoginPage - INFO: Element found with locator: commit and  locatorType: name
06/27/2018 04:57:30 PM - LoginPage - INFO: Clicked on element with locator: commit locatorType: name
06/27/2018 04:57:30 PM - Util - INFO: Actual Text From Application Web UI --> :: Let's Kode It
06/27/2018 04:57:30 PM - Util - INFO: Expected Text From Application Web UI --> :: Let's Kode It
06/27/2018 04:57:30 PM - Util - INFO: ### VERIFICATION CONTAINS !!!
06/27/2018 04:57:30 PM - TestStatus - INFO: ### VERIFICATION SUCCESSFUL :: + Title Verification
06/27/2018 04:57:30 PM - LoginPage - INFO: Waiting for maximum :: 10 :: seconds for element to be clickable
06/27/2018 04:57:31 PM - LoginPage - INFO: Element appeared on the web page
06/27/2018 04:57:31 PM - LoginPage - INFO: Element found with locator: //div[@id='navbar']//li[@class='dropdown'] and  locatorType: xpath
06/27/2018 04:57:31 PM - LoginPage - INFO: Element present with locator: //div[@id='navbar']//li[@class='dropdown'] locatorType: xpath
06/27/2018 04:57:31 PM - TestStatus - INFO: ### VERIFICATION SUCCESSFUL :: + Login Verification
06/27/2018 04:57:31 PM - TestStatus - INFO: test_t2validLogin ### TEST SUCCESSFUL
